{"C:\\Users\\York Laptop 005\\Documents\\medportal\\frontend\\src\\Appointments.jsx": {"path":"C:\\Users\\York Laptop 005\\Documents\\medportal\\frontend\\src\\Appointments.jsx","statementMap":{"0":{"start":{"line":9,"column":44},"end":{"line":9,"column":56}},"1":{"start":{"line":10,"column":38},"end":{"line":10,"column":52}},"2":{"start":{"line":11,"column":30},"end":{"line":11,"column":44}},"3":{"start":{"line":12,"column":30},"end":{"line":12,"column":42}},"4":{"start":{"line":13,"column":34},"end":{"line":13,"column":95}},"5":{"start":{"line":14,"column":28},"end":{"line":14,"column":40}},"6":{"start":{"line":15,"column":58},"end":{"line":15,"column":72}},"7":{"start":{"line":16,"column":46},"end":{"line":16,"column":61}},"8":{"start":{"line":17,"column":62},"end":{"line":17,"column":77}},"9":{"start":{"line":18,"column":38},"end":{"line":18,"column":50}},"10":{"start":{"line":21,"column":40},"end":{"line":45,"column":5}},"11":{"start":{"line":22,"column":8},"end":{"line":44,"column":9}},"12":{"start":{"line":23,"column":40},"end":{"line":23,"column":117}},"13":{"start":{"line":25,"column":12},"end":{"line":41,"column":13}},"14":{"start":{"line":26,"column":29},"end":{"line":26,"column":61}},"15":{"start":{"line":28,"column":40},"end":{"line":36,"column":19}},"16":{"start":{"line":28,"column":67},"end":{"line":36,"column":17}},"17":{"start":{"line":37,"column":16},"end":{"line":37,"column":41}},"18":{"start":{"line":38,"column":16},"end":{"line":38,"column":38}},"19":{"start":{"line":40,"column":16},"end":{"line":40,"column":94}},"20":{"start":{"line":43,"column":12},"end":{"line":43,"column":34}},"21":{"start":{"line":48,"column":27},"end":{"line":70,"column":5}},"22":{"start":{"line":51,"column":8},"end":{"line":69,"column":9}},"23":{"start":{"line":52,"column":36},"end":{"line":52,"column":102}},"24":{"start":{"line":54,"column":12},"end":{"line":66,"column":13}},"25":{"start":{"line":55,"column":36},"end":{"line":55,"column":64}},"26":{"start":{"line":58,"column":16},"end":{"line":61,"column":17}},"27":{"start":{"line":59,"column":20},"end":{"line":59,"column":49}},"28":{"start":{"line":60,"column":20},"end":{"line":60,"column":70}},"29":{"start":{"line":63,"column":16},"end":{"line":63,"column":35}},"30":{"start":{"line":64,"column":16},"end":{"line":64,"column":53}},"31":{"start":{"line":65,"column":16},"end":{"line":65,"column":84}},"32":{"start":{"line":68,"column":12},"end":{"line":68,"column":34}},"33":{"start":{"line":72,"column":23},"end":{"line":76,"column":5}},"34":{"start":{"line":73,"column":28},"end":{"line":73,"column":85}},"35":{"start":{"line":73,"column":63},"end":{"line":73,"column":84}},"36":{"start":{"line":74,"column":8},"end":{"line":74,"column":44}},"37":{"start":{"line":75,"column":8},"end":{"line":75,"column":31}},"38":{"start":{"line":78,"column":29},"end":{"line":111,"column":5}},"39":{"start":{"line":79,"column":8},"end":{"line":110,"column":9}},"40":{"start":{"line":81,"column":39},"end":{"line":86,"column":13}},"41":{"start":{"line":88,"column":12},"end":{"line":88,"column":44}},"42":{"start":{"line":89,"column":24},"end":{"line":95,"column":14}},"43":{"start":{"line":96,"column":12},"end":{"line":106,"column":13}},"44":{"start":{"line":97,"column":16},"end":{"line":97,"column":97}},"45":{"start":{"line":98,"column":16},"end":{"line":98,"column":40}},"46":{"start":{"line":99,"column":16},"end":{"line":101,"column":17}},"47":{"start":{"line":100,"column":20},"end":{"line":100,"column":65}},"48":{"start":{"line":102,"column":19},"end":{"line":106,"column":13}},"49":{"start":{"line":103,"column":16},"end":{"line":103,"column":156}},"50":{"start":{"line":105,"column":16},"end":{"line":105,"column":76}},"51":{"start":{"line":108,"column":12},"end":{"line":108,"column":69}},"52":{"start":{"line":109,"column":12},"end":{"line":109,"column":34}},"53":{"start":{"line":114,"column":36},"end":{"line":129,"column":5}},"54":{"start":{"line":117,"column":28},"end":{"line":117,"column":85}},"55":{"start":{"line":117,"column":63},"end":{"line":117,"column":84}},"56":{"start":{"line":118,"column":8},"end":{"line":118,"column":44}},"57":{"start":{"line":119,"column":8},"end":{"line":119,"column":41}},"58":{"start":{"line":121,"column":12},"end":{"line":125,"column":15}},"59":{"start":{"line":127,"column":8},"end":{"line":127,"column":36}},"60":{"start":{"line":128,"column":8},"end":{"line":128,"column":39}},"61":{"start":{"line":132,"column":31},"end":{"line":149,"column":5}},"62":{"start":{"line":133,"column":8},"end":{"line":147,"column":9}},"63":{"start":{"line":134,"column":24},"end":{"line":136,"column":14}},"64":{"start":{"line":137,"column":12},"end":{"line":139,"column":13}},"65":{"start":{"line":138,"column":16},"end":{"line":138,"column":78}},"66":{"start":{"line":140,"column":12},"end":{"line":142,"column":13}},"67":{"start":{"line":141,"column":16},"end":{"line":141,"column":61}},"68":{"start":{"line":143,"column":12},"end":{"line":143,"column":61}},"69":{"start":{"line":145,"column":12},"end":{"line":145,"column":69}},"70":{"start":{"line":146,"column":12},"end":{"line":146,"column":34}},"71":{"start":{"line":148,"column":8},"end":{"line":148,"column":40}},"72":{"start":{"line":152,"column":20},"end":{"line":160,"column":5}},"73":{"start":{"line":162,"column":4},"end":{"line":227,"column":6}},"74":{"start":{"line":191,"column":37},"end":{"line":191,"column":61}},"75":{"start":{"line":214,"column":30},"end":{"line":214,"column":53}},"76":{"start":{"line":221,"column":30},"end":{"line":221,"column":61}}},"fnMap":{"0":{"name":"Appointments","decl":{"start":{"line":8,"column":9},"end":{"line":8,"column":21}},"loc":{"start":{"line":8,"column":24},"end":{"line":228,"column":1}},"line":8},"1":{"name":"(anonymous_1)","decl":{"start":{"line":21,"column":40},"end":{"line":21,"column":41}},"loc":{"start":{"line":21,"column":61},"end":{"line":45,"column":5}},"line":21},"2":{"name":"(anonymous_2)","decl":{"start":{"line":28,"column":49},"end":{"line":28,"column":50}},"loc":{"start":{"line":28,"column":67},"end":{"line":36,"column":17}},"line":28},"3":{"name":"(anonymous_3)","decl":{"start":{"line":48,"column":27},"end":{"line":48,"column":28}},"loc":{"start":{"line":48,"column":39},"end":{"line":70,"column":5}},"line":48},"4":{"name":"(anonymous_4)","decl":{"start":{"line":72,"column":23},"end":{"line":72,"column":24}},"loc":{"start":{"line":72,"column":31},"end":{"line":76,"column":5}},"line":72},"5":{"name":"(anonymous_5)","decl":{"start":{"line":73,"column":46},"end":{"line":73,"column":47}},"loc":{"start":{"line":73,"column":63},"end":{"line":73,"column":84}},"line":73},"6":{"name":"(anonymous_6)","decl":{"start":{"line":78,"column":29},"end":{"line":78,"column":30}},"loc":{"start":{"line":78,"column":49},"end":{"line":111,"column":5}},"line":78},"7":{"name":"(anonymous_7)","decl":{"start":{"line":114,"column":36},"end":{"line":114,"column":37}},"loc":{"start":{"line":114,"column":44},"end":{"line":129,"column":5}},"line":114},"8":{"name":"(anonymous_8)","decl":{"start":{"line":117,"column":46},"end":{"line":117,"column":47}},"loc":{"start":{"line":117,"column":63},"end":{"line":117,"column":84}},"line":117},"9":{"name":"(anonymous_9)","decl":{"start":{"line":132,"column":31},"end":{"line":132,"column":32}},"loc":{"start":{"line":132,"column":43},"end":{"line":149,"column":5}},"line":132},"10":{"name":"(anonymous_10)","decl":{"start":{"line":191,"column":30},"end":{"line":191,"column":31}},"loc":{"start":{"line":191,"column":37},"end":{"line":191,"column":61}},"line":191},"11":{"name":"(anonymous_11)","decl":{"start":{"line":214,"column":24},"end":{"line":214,"column":25}},"loc":{"start":{"line":214,"column":30},"end":{"line":214,"column":53}},"line":214},"12":{"name":"(anonymous_12)","decl":{"start":{"line":221,"column":24},"end":{"line":221,"column":25}},"loc":{"start":{"line":221,"column":30},"end":{"line":221,"column":61}},"line":221}},"branchMap":{"0":{"loc":{"start":{"line":25,"column":12},"end":{"line":41,"column":13}},"type":"if","locations":[{"start":{"line":25,"column":12},"end":{"line":41,"column":13}},{"start":{"line":39,"column":19},"end":{"line":41,"column":13}}],"line":25},"1":{"loc":{"start":{"line":35,"column":28},"end":{"line":35,"column":77}},"type":"cond-expr","locations":[{"start":{"line":35,"column":52},"end":{"line":35,"column":63}},{"start":{"line":35,"column":66},"end":{"line":35,"column":77}}],"line":35},"2":{"loc":{"start":{"line":54,"column":12},"end":{"line":66,"column":13}},"type":"if","locations":[{"start":{"line":54,"column":12},"end":{"line":66,"column":13}},{"start":{"line":62,"column":19},"end":{"line":66,"column":13}}],"line":54},"3":{"loc":{"start":{"line":58,"column":16},"end":{"line":61,"column":17}},"type":"if","locations":[{"start":{"line":58,"column":16},"end":{"line":61,"column":17}},{"start":{},"end":{}}],"line":58},"4":{"loc":{"start":{"line":96,"column":12},"end":{"line":106,"column":13}},"type":"if","locations":[{"start":{"line":96,"column":12},"end":{"line":106,"column":13}},{"start":{"line":102,"column":19},"end":{"line":106,"column":13}}],"line":96},"5":{"loc":{"start":{"line":99,"column":16},"end":{"line":101,"column":17}},"type":"if","locations":[{"start":{"line":99,"column":16},"end":{"line":101,"column":17}},{"start":{},"end":{}}],"line":99},"6":{"loc":{"start":{"line":102,"column":19},"end":{"line":106,"column":13}},"type":"if","locations":[{"start":{"line":102,"column":19},"end":{"line":106,"column":13}},{"start":{"line":104,"column":19},"end":{"line":106,"column":13}}],"line":102},"7":{"loc":{"start":{"line":137,"column":12},"end":{"line":139,"column":13}},"type":"if","locations":[{"start":{"line":137,"column":12},"end":{"line":139,"column":13}},{"start":{},"end":{}}],"line":137},"8":{"loc":{"start":{"line":140,"column":12},"end":{"line":142,"column":13}},"type":"if","locations":[{"start":{"line":140,"column":12},"end":{"line":142,"column":13}},{"start":{},"end":{}}],"line":140},"9":{"loc":{"start":{"line":202,"column":13},"end":{"line":211,"column":13}},"type":"cond-expr","locations":[{"start":{"line":203,"column":16},"end":{"line":208,"column":18}},{"start":{"line":210,"column":16},"end":{"line":210,"column":32}}],"line":202}},"s":{"0":1,"1":1,"2":1,"3":1,"4":1,"5":1,"6":1,"7":1,"8":1,"9":1,"10":1,"11":0,"12":0,"13":0,"14":0,"15":0,"16":0,"17":0,"18":0,"19":0,"20":0,"21":1,"22":0,"23":0,"24":0,"25":0,"26":0,"27":0,"28":0,"29":0,"30":0,"31":0,"32":0,"33":1,"34":0,"35":0,"36":0,"37":0,"38":1,"39":0,"40":0,"41":0,"42":0,"43":0,"44":0,"45":0,"46":0,"47":0,"48":0,"49":0,"50":0,"51":0,"52":0,"53":1,"54":0,"55":0,"56":0,"57":0,"58":0,"59":0,"60":0,"61":1,"62":0,"63":0,"64":0,"65":0,"66":0,"67":0,"68":0,"69":0,"70":0,"71":0,"72":1,"73":1,"74":0,"75":0,"76":0},"f":{"0":1,"1":0,"2":0,"3":0,"4":0,"5":0,"6":0,"7":0,"8":0,"9":0,"10":0,"11":0,"12":0},"b":{"0":[0,0],"1":[0,0],"2":[0,0],"3":[0,0],"4":[0,0],"5":[0,0],"6":[0,0],"7":[0,0],"8":[0,0],"9":[0,1]},"_coverageSchema":"1a1c01bbd47fc00a2c39e90264f33305004495a9","hash":"ed1697f056c907c027a7de11c663cc840bb3f130"}
,"C:\\Users\\York Laptop 005\\Documents\\medportal\\frontend\\src\\SpecializationsContext.jsx": {"path":"C:\\Users\\York Laptop 005\\Documents\\medportal\\frontend\\src\\SpecializationsContext.jsx","statementMap":{"0":{"start":{"line":4,"column":31},"end":{"line":4,"column":46}},"1":{"start":{"line":7,"column":39},"end":{"line":35,"column":1}},"2":{"start":{"line":8,"column":50},"end":{"line":8,"column":62}},"3":{"start":{"line":9,"column":34},"end":{"line":9,"column":48}},"4":{"start":{"line":10,"column":30},"end":{"line":10,"column":44}},"5":{"start":{"line":12,"column":4},"end":{"line":28,"column":11}},"6":{"start":{"line":13,"column":37},"end":{"line":26,"column":9}},"7":{"start":{"line":14,"column":12},"end":{"line":25,"column":13}},"8":{"start":{"line":15,"column":33},"end":{"line":15,"column":89}},"9":{"start":{"line":16,"column":16},"end":{"line":18,"column":17}},"10":{"start":{"line":17,"column":20},"end":{"line":17,"column":90}},"11":{"start":{"line":19,"column":29},"end":{"line":19,"column":50}},"12":{"start":{"line":20,"column":16},"end":{"line":20,"column":41}},"13":{"start":{"line":22,"column":16},"end":{"line":22,"column":38}},"14":{"start":{"line":24,"column":16},"end":{"line":24,"column":34}},"15":{"start":{"line":27,"column":8},"end":{"line":27,"column":31}},"16":{"start":{"line":30,"column":4},"end":{"line":34,"column":6}},"17":{"start":{"line":40,"column":34},"end":{"line":46,"column":1}},"18":{"start":{"line":41,"column":20},"end":{"line":41,"column":54}},"19":{"start":{"line":42,"column":4},"end":{"line":44,"column":5}},"20":{"start":{"line":43,"column":8},"end":{"line":43,"column":92}},"21":{"start":{"line":45,"column":4},"end":{"line":45,"column":19}}},"fnMap":{"0":{"name":"(anonymous_0)","decl":{"start":{"line":7,"column":39},"end":{"line":7,"column":40}},"loc":{"start":{"line":7,"column":57},"end":{"line":35,"column":1}},"line":7},"1":{"name":"(anonymous_1)","decl":{"start":{"line":12,"column":14},"end":{"line":12,"column":15}},"loc":{"start":{"line":12,"column":20},"end":{"line":28,"column":5}},"line":12},"2":{"name":"(anonymous_2)","decl":{"start":{"line":13,"column":37},"end":{"line":13,"column":38}},"loc":{"start":{"line":13,"column":49},"end":{"line":26,"column":9}},"line":13},"3":{"name":"(anonymous_3)","decl":{"start":{"line":40,"column":34},"end":{"line":40,"column":35}},"loc":{"start":{"line":40,"column":40},"end":{"line":46,"column":1}},"line":40}},"branchMap":{"0":{"loc":{"start":{"line":16,"column":16},"end":{"line":18,"column":17}},"type":"if","locations":[{"start":{"line":16,"column":16},"end":{"line":18,"column":17}},{"start":{},"end":{}}],"line":16},"1":{"loc":{"start":{"line":42,"column":4},"end":{"line":44,"column":5}},"type":"if","locations":[{"start":{"line":42,"column":4},"end":{"line":44,"column":5}},{"start":{},"end":{}}],"line":42}},"s":{"0":1,"1":1,"2":2,"3":2,"4":2,"5":2,"6":1,"7":1,"8":1,"9":1,"10":0,"11":0,"12":0,"13":1,"14":1,"15":1,"16":2,"17":1,"18":0,"19":0,"20":0,"21":0},"f":{"0":2,"1":1,"2":1,"3":0},"b":{"0":[0,0],"1":[0,0]},"_coverageSchema":"1a1c01bbd47fc00a2c39e90264f33305004495a9","hash":"1ff2c59fe3125ae25273d84cb8d1e2f49f28defd"}
}
